[debug] [2019-12-08T15:06:51.515Z] ----------------------------------------------------------------------
[debug] [2019-12-08T15:06:51.517Z] Command:       /usr/local/bin/node /usr/local/bin/firebase serve -p 8081
[debug] [2019-12-08T15:06:51.517Z] CLI Version:   7.9.0
[debug] [2019-12-08T15:06:51.517Z] Platform:      linux
[debug] [2019-12-08T15:06:51.517Z] Node Version:  v12.13.1
[debug] [2019-12-08T15:06:51.517Z] Time:          Sun Dec 08 2019 20:36:51 GMT+0530 (India Standard Time)
[debug] [2019-12-08T15:06:51.517Z] ----------------------------------------------------------------------
[debug] [2019-12-08T15:06:51.517Z] 
[debug] [2019-12-08T15:06:51.522Z] > command requires scopes: ["email","openid","https://www.googleapis.com/auth/cloudplatformprojects.readonly","https://www.googleapis.com/auth/firebase","https://www.googleapis.com/auth/cloud-platform"]
[debug] [2019-12-08T15:06:51.522Z] > authorizing via signed-in user
[debug] [2019-12-08T15:06:51.522Z] [iam] checking project first-push-notification-app for permissions ["firebase.projects.get"]
[debug] [2019-12-08T15:06:51.523Z] >>> HTTP REQUEST POST https://cloudresourcemanager.googleapis.com/v1/projects/first-push-notification-app:testIamPermissions  

[debug] [2019-12-08T15:06:53.100Z] <<< HTTP RESPONSE 200
[debug] [2019-12-08T15:06:53.105Z] >>> HTTP REQUEST GET https://firebase.googleapis.com/v1beta1/projects/first-push-notification-app  
 
[debug] [2019-12-08T15:06:53.680Z] <<< HTTP RESPONSE 200
[info] 
[info] === Serving from '/home/ankur/workspace/quickstart-js/messaging'...
[info] 
[debug] [2019-12-08T15:06:53.681Z] >>> HTTP REQUEST GET https://firebase.googleapis.com/v1beta1/projects/first-push-notification-app/webApps/-/config  
 
[debug] [2019-12-08T15:06:54.833Z] <<< HTTP RESPONSE 200
[info] i  hosting: Serving hosting files from: ./
[info] ✔  hosting: Local server: http://localhost:8081
[debug] [2019-12-08T15:09:37.839Z] Error: socket hang up
    at connResetException (internal/errors.js:570:14)
    at TLSSocket.socketOnEnd (_http_client.js:440:23)
    at TLSSocket.emit (events.js:215:7)
    at TLSSocket.EventEmitter.emit (domain.js:475:20)
    at endReadableNT (_stream_readable.js:1184:12)
    at processTicksAndRejections (internal/process/task_queues.js:80:21)
[error] 
[error] Error: An unexpected error has occurred.
[debug] [2019-12-08T15:09:42.847Z] ----------------------------------------------------------------------
[debug] [2019-12-08T15:09:42.848Z] Command:       /usr/local/bin/node /usr/local/bin/firebase serve -p 8081
[debug] [2019-12-08T15:09:42.848Z] CLI Version:   7.9.0
[debug] [2019-12-08T15:09:42.848Z] Platform:      linux
[debug] [2019-12-08T15:09:42.848Z] Node Version:  v12.13.1
[debug] [2019-12-08T15:09:42.848Z] Time:          Sun Dec 08 2019 20:39:42 GMT+0530 (India Standard Time)
[debug] [2019-12-08T15:09:42.848Z] ----------------------------------------------------------------------
[debug] [2019-12-08T15:09:42.848Z] 
[debug] [2019-12-08T15:09:42.853Z] > command requires scopes: ["email","openid","https://www.googleapis.com/auth/cloudplatformprojects.readonly","https://www.googleapis.com/auth/firebase","https://www.googleapis.com/auth/cloud-platform"]
[debug] [2019-12-08T15:09:42.853Z] > authorizing via signed-in user
[debug] [2019-12-08T15:09:42.853Z] [iam] checking project first-push-notification-app for permissions ["firebase.projects.get"]
[debug] [2019-12-08T15:09:42.854Z] >>> HTTP REQUEST POST https://cloudresourcemanager.googleapis.com/v1/projects/first-push-notification-app:testIamPermissions  

[debug] [2019-12-08T15:10:04.515Z] <<< HTTP RESPONSE 200
[debug] [2019-12-08T15:10:04.517Z] >>> HTTP REQUEST GET https://firebase.googleapis.com/v1beta1/projects/first-push-notification-app  
 
[debug] [2019-12-08T15:10:14.578Z] <<< HTTP RESPONSE 200
[info] 
[info] === Serving from '/home/ankur/workspace/quickstart-js/messaging'...
[info] 
[debug] [2019-12-08T15:10:14.581Z] >>> HTTP REQUEST GET https://firebase.googleapis.com/v1beta1/projects/first-push-notification-app/webApps/-/config  
 
[debug] [2019-12-08T15:10:18.598Z] <<< HTTP RESPONSE 200
[info] i  hosting: Serving hosting files from: ./
[info] ✔  hosting: Local server: http://localhost:8081
